0 info it worked if it ends with ok
1 verbose cli [ '/usr/local/bin/node', '/usr/local/bin/npm', 'run', 'develop' ]
2 info using npm@3.10.10
3 info using node@v6.9.4
4 verbose run-script [ 'predevelop', 'develop', 'postdevelop' ]
5 info lifecycle vue-loader-css-module-name-bug@0.1.0~predevelop: vue-loader-css-module-name-bug@0.1.0
6 silly lifecycle vue-loader-css-module-name-bug@0.1.0~predevelop: no script for predevelop, continuing
7 info lifecycle vue-loader-css-module-name-bug@0.1.0~develop: vue-loader-css-module-name-bug@0.1.0
8 verbose lifecycle vue-loader-css-module-name-bug@0.1.0~develop: unsafe-perm in lifecycle true
9 verbose lifecycle vue-loader-css-module-name-bug@0.1.0~develop: PATH: /usr/local/lib/node_modules/npm/bin/node-gyp-bin:/Users/adrian/Documents/CodingProjects/VueLoaderCSSModuleNameBug/node_modules/.bin:/usr/local/bin:/usr/bin:/bin:/usr/sbin:/sbin
10 verbose lifecycle vue-loader-css-module-name-bug@0.1.0~develop: CWD: /Users/adrian/Documents/CodingProjects/VueLoaderCSSModuleNameBug
11 silly lifecycle vue-loader-css-module-name-bug@0.1.0~develop: Args: [ '-c', 'NODE_ENV=development node ./server.js' ]
12 silly lifecycle vue-loader-css-module-name-bug@0.1.0~develop: Returned: code: 1  signal: null
13 info lifecycle vue-loader-css-module-name-bug@0.1.0~develop: Failed to exec develop script
14 verbose stack Error: vue-loader-css-module-name-bug@0.1.0 develop: `NODE_ENV=development node ./server.js`
14 verbose stack Exit status 1
14 verbose stack     at EventEmitter.<anonymous> (/usr/local/lib/node_modules/npm/lib/utils/lifecycle.js:255:16)
14 verbose stack     at emitTwo (events.js:106:13)
14 verbose stack     at EventEmitter.emit (events.js:191:7)
14 verbose stack     at ChildProcess.<anonymous> (/usr/local/lib/node_modules/npm/lib/utils/spawn.js:40:14)
14 verbose stack     at emitTwo (events.js:106:13)
14 verbose stack     at ChildProcess.emit (events.js:191:7)
14 verbose stack     at maybeClose (internal/child_process.js:877:16)
14 verbose stack     at Process.ChildProcess._handle.onexit (internal/child_process.js:226:5)
15 verbose pkgid vue-loader-css-module-name-bug@0.1.0
16 verbose cwd /Users/adrian/Documents/CodingProjects/VueLoaderCSSModuleNameBug
17 error Darwin 16.3.0
18 error argv "/usr/local/bin/node" "/usr/local/bin/npm" "run" "develop"
19 error node v6.9.4
20 error npm  v3.10.10
21 error code ELIFECYCLE
22 error vue-loader-css-module-name-bug@0.1.0 develop: `NODE_ENV=development node ./server.js`
22 error Exit status 1
23 error Failed at the vue-loader-css-module-name-bug@0.1.0 develop script 'NODE_ENV=development node ./server.js'.
23 error Make sure you have the latest version of node.js and npm installed.
23 error If you do, this is most likely a problem with the vue-loader-css-module-name-bug package,
23 error not with npm itself.
23 error Tell the author that this fails on your system:
23 error     NODE_ENV=development node ./server.js
23 error You can get information on how to open an issue for this project with:
23 error     npm bugs vue-loader-css-module-name-bug
23 error Or if that isn't available, you can get their info via:
23 error     npm owner ls vue-loader-css-module-name-bug
23 error There is likely additional logging output above.
24 verbose exit [ 1, true ]
